<?xml version="1.0" encoding="UTF-8"?>
<!-- Generated by org.testng.reporters.JUnitReportReporter -->
<testsuite hostname="DESKTOP-DFF1MMD" failures="0" tests="1" name="VtigerFinalScripts.CreateOrganizationTest" time="55.727" errors="0" timestamp="2023-08-25T10:15:06 IST" skipped="0">
  <testcase classname="VtigerFinalScripts.CreateOrganizationTest" name="createOrg" time="55.727"/>
</testsuite> <!-- VtigerFinalScripts.CreateOrganizationTest -->
