<?xml version="1.0" encoding="UTF-8"?>
<!-- Generated by org.testng.reporters.JUnitReportReporter -->
<testsuite hostname="DESKTOP-DFF1MMD" failures="0" tests="1" name="Testng.XMLParameterization" time="18.500" errors="0" timestamp="2023-08-11T09:49:09 IST" skipped="0">
  <testcase classname="Testng.XMLParameterization" name="vtigerLoginTest" time="18.500"/>
</testsuite> <!-- Testng.XMLParameterization -->
