<?xml version="1.0" encoding="UTF-8"?>
<!-- Generated by org.testng.reporters.JUnitReportReporter -->
<testsuite hostname="DESKTOP-DFF1MMD" failures="0" tests="1" name="VtigerFinalScripts.CreateContactWithOrgTest" time="29.574" errors="0" timestamp="2023-08-25T10:16:29 IST" skipped="0">
  <testcase classname="VtigerFinalScripts.CreateContactWithOrgTest" name="createContactWithOrgTest" time="29.574"/>
</testsuite> <!-- VtigerFinalScripts.CreateContactWithOrgTest -->
