<?xml version="1.0" encoding="UTF-8"?>
<!-- Generated by org.testng.reporters.JUnitReportReporter -->
<testsuite hostname="DESKTOP-DFF1MMD" failures="0" tests="1" name="seleniumgrid.PracticeTest" time="10.392" errors="0" timestamp="2023-08-15T09:23:10 IST" skipped="0">
  <testcase classname="seleniumgrid.PracticeTest" name="googleTest" time="10.392"/>
</testsuite> <!-- seleniumgrid.PracticeTest -->
