<?xml version="1.0" encoding="UTF-8"?>
<!-- Generated by org.testng.reporters.JUnitReportReporter -->
<testsuite hostname="DESKTOP-DFF1MMD" failures="0" tests="6" name="Testng.InvocationCount" time="0.030" errors="0" timestamp="2023-08-08T07:41:19 IST" skipped="0">
  <testcase classname="Testng.InvocationCount" name="demo1" time="0.015">
    <system-out>
      <![CDATA[demo1]]>
    </system-out>
  </testcase> <!-- demo1 -->
  <testcase classname="Testng.InvocationCount" name="demo1" time="0.002">
    <system-out>
      <![CDATA[demo1]]>
    </system-out>
  </testcase> <!-- demo1 -->
  <testcase classname="Testng.InvocationCount" name="demo1" time="0.002">
    <system-out>
      <![CDATA[demo1]]>
    </system-out>
  </testcase> <!-- demo1 -->
  <testcase classname="Testng.InvocationCount" name="demo1" time="0.003">
    <system-out>
      <![CDATA[demo1]]>
    </system-out>
  </testcase> <!-- demo1 -->
  <testcase classname="Testng.InvocationCount" name="demo2" time="0.006">
    <system-out>
      <![CDATA[demo2]]>
    </system-out>
  </testcase> <!-- demo2 -->
  <testcase classname="Testng.InvocationCount" name="demo1" time="0.002">
    <system-out>
      <![CDATA[demo1]]>
    </system-out>
  </testcase> <!-- demo1 -->
  <system-out>
    <![CDATA[demo1
demo1
demo1
demo1
demo1
demo2]]>
  </system-out>
</testsuite> <!-- Testng.InvocationCount -->
