<?xml version="1.0" encoding="UTF-8"?>
<!-- Generated by org.testng.reporters.JUnitReportReporter -->
<testsuite hostname="DESKTOP-DFF1MMD" failures="0" tests="2" name="GroupExecution.Test3" time="0.006" errors="0" timestamp="2023-08-18T08:58:12 IST" skipped="0">
  <testcase classname="GroupExecution.Test3" name="demo3" time="0.003"/>
  <testcase classname="GroupExecution.Test3" name="demo2" time="0.003"/>
</testsuite> <!-- GroupExecution.Test3 -->
