<?xml version="1.0" encoding="UTF-8"?>
<!-- Generated by org.testng.reporters.JUnitReportReporter -->
<testsuite hostname="DESKTOP-DFF1MMD" failures="0" tests="1" name="Assertions.WhyNotIfElse" time="0.014" errors="0" timestamp="2023-08-17T08:35:17 IST" skipped="0">
  <testcase classname="Assertions.WhyNotIfElse" name="Demo" time="0.014"/>
</testsuite> <!-- Assertions.WhyNotIfElse -->
