<?xml version="1.0" encoding="UTF-8"?>
<!-- Generated by org.testng.reporters.JUnitReportReporter -->
<testsuite hostname="DESKTOP-DFF1MMD" failures="0" tests="3" name="crossbrowserparllel.SwiggyTest" time="36.870" errors="0" timestamp="2023-08-11T09:16:00 IST" skipped="0">
  <testcase classname="crossbrowserparllel.SwiggyTest" name="swiggyTest" time="13.927"/>
  <testcase classname="crossbrowserparllel.SwiggyTest" name="swiggyTest" time="14.125"/>
  <testcase classname="crossbrowserparllel.SwiggyTest" name="swiggyTest" time="8.818"/>
</testsuite> <!-- crossbrowserparllel.SwiggyTest -->
