<?xml version="1.0" encoding="UTF-8"?>
<!-- Generated by org.testng.reporters.JUnitReportReporter -->
<testsuite hostname="DESKTOP-DFF1MMD" failures="0" tests="1" name="Annotations.TestClass" time="0.015" errors="0" timestamp="2023-08-10T08:59:22 IST" skipped="0">
  <testcase classname="Annotations.TestClass" name="test" time="0.015"/>
</testsuite> <!-- Annotations.TestClass -->
