<?xml version="1.0" encoding="UTF-8"?>
<!-- Generated by org.testng.reporters.JUnitReportReporter -->
<testsuite hostname="DESKTOP-DFF1MMD" failures="0" tests="1" name="GroupExecution.Test2" time="0.010" errors="0" timestamp="2023-08-18T08:58:12 IST" skipped="0">
  <testcase classname="GroupExecution.Test2" name="demo2" time="0.010"/>
</testsuite> <!-- GroupExecution.Test2 -->
