<?xml version="1.0" encoding="UTF-8"?>
<!-- Generated by org.testng.reporters.JUnitReportReporter -->
<testsuite hostname="DESKTOP-DFF1MMD" failures="0" tests="1" name="VtigerFinalScripts.CreateLeadTest" time="21.418" errors="0" timestamp="2023-08-25T10:21:36 IST" skipped="0">
  <testcase classname="VtigerFinalScripts.CreateLeadTest" name="createLeadTest" time="21.418"/>
</testsuite> <!-- VtigerFinalScripts.CreateLeadTest -->
