<?xml version="1.0" encoding="UTF-8"?>
<!-- Generated by org.testng.reporters.JUnitReportReporter -->
<testsuite hostname="DESKTOP-DFF1MMD" failures="0" tests="1" name="Testng.SampleTest" time="0.013" errors="0" timestamp="2023-08-08T09:13:42 IST" skipped="0">
  <testcase classname="Testng.SampleTest" name="demo" time="0.013">
    <system-out>
      <![CDATA[Hello World]]>
    </system-out>
  </testcase> <!-- demo -->
  <system-out>
    <![CDATA[Hello World]]>
  </system-out>
</testsuite> <!-- Testng.SampleTest -->
