<?xml version="1.0" encoding="UTF-8"?>
<!-- Generated by org.testng.reporters.JUnitReportReporter -->
<testsuite hostname="DESKTOP-DFF1MMD" failures="0" tests="2" name="GroupExecution.Test1" time="0.017" errors="0" timestamp="2023-08-18T08:58:12 IST" skipped="0">
  <testcase classname="GroupExecution.Test1" name="demo2" time="0.015"/>
  <testcase classname="GroupExecution.Test1" name="demo3" time="0.002"/>
</testsuite> <!-- GroupExecution.Test1 -->
