<?xml version="1.0" encoding="UTF-8"?>
<!-- Generated by org.testng.reporters.JUnitReportReporter -->
<testsuite hostname="DESKTOP-DFF1MMD" failures="0" tests="1" name="VtigerFinalScripts.CreateContactTest" time="18.968" errors="0" timestamp="2023-08-25T10:15:45 IST" skipped="0">
  <testcase classname="VtigerFinalScripts.CreateContactTest" name="createContactTest" time="18.968"/>
</testsuite> <!-- VtigerFinalScripts.CreateContactTest -->
