<?xml version="1.0" encoding="UTF-8"?>
<!-- Generated by org.testng.reporters.JUnitReportReporter -->
<testsuite hostname="DESKTOP-DFF1MMD" failures="0" tests="2" name="BatchExecution.Test5" time="0.036" errors="0" timestamp="2023-08-10T10:11:10 IST" skipped="0">
  <testcase classname="BatchExecution.Test5" name="demo2" time="0.029"/>
  <testcase classname="BatchExecution.Test5" name="demo1" time="0.007"/>
</testsuite> <!-- BatchExecution.Test5 -->
