<?xml version="1.0" encoding="UTF-8"?>
<!-- Generated by org.testng.reporters.JUnitReportReporter -->
<testsuite hostname="DESKTOP-DFF1MMD" failures="0" tests="2" name="Dataprovider.LoginActiTime" time="38.471" errors="0" timestamp="2023-08-08T09:23:25 IST" skipped="0">
  <testcase classname="Dataprovider.LoginActiTime" name="actitimeLogin" time="19.244"/>
  <testcase classname="Dataprovider.LoginActiTime" name="actitimeLogin" time="19.227"/>
</testsuite> <!-- Dataprovider.LoginActiTime -->
