<?xml version="1.0" encoding="UTF-8"?>
<!-- Generated by org.testng.reporters.JUnitReportReporter -->
<testsuite hostname="DESKTOP-DFF1MMD" failures="0" tests="3" name="crossbrowserparllel.GoogleTest" time="11.360" errors="0" timestamp="2023-08-11T09:16:00 IST" skipped="0">
  <testcase classname="crossbrowserparllel.GoogleTest" name="googleTest" time="3.437"/>
  <testcase classname="crossbrowserparllel.GoogleTest" name="googleTest" time="4.657"/>
  <testcase classname="crossbrowserparllel.GoogleTest" name="googleTest" time="3.266"/>
</testsuite> <!-- crossbrowserparllel.GoogleTest -->
